# JRE version: OpenJDK Runtime Environment (8.0_152-b02) (build 1.8.0_152-release-1024-b02)
# Java VM: OpenJDK 64-Bit Server VM (25.152-b02 mixed mode windows-amd64 compressed oops)
Heap:
 PSYoungGen      total 451584K, used 255342K [0x00000000e0000000, 0x0000000100000000, 0x0000000100000000)
  eden space 379904K, 66% used [0x00000000e0000000,0x00000000ef853b80,0x00000000f7300000)
  from space 71680K, 1% used [0x00000000fba00000,0x00000000fbb08000,0x0000000100000000)
  to   space 72192K, 0% used [0x00000000f7300000,0x00000000f7300000,0x00000000fb980000)
 ParOldGen       total 260608K, used 121665K [0x00000000a0000000, 0x00000000afe80000, 0x00000000e0000000)
  object space 260608K, 46% used [0x00000000a0000000,0x00000000a76d07d8,0x00000000afe80000)
 Metaspace       used 77233K, capacity 82604K, committed 82904K, reserved 1122304K
  class space    used 9902K, capacity 10919K, committed 10968K, reserved 1048576K
GC Heap History (10 events):
Event: 5663.396 GC heap before
{Heap before GC invocations=28 (full 4):
 PSYoungGen      total 269312K, used 260016K [0x00000000e0000000, 0x00000000f8300000, 0x0000000100000000)
  eden space 218112K, 99% used [0x00000000e0000000,0x00000000ed2dfbf8,0x00000000ed500000)
  from space 51200K, 86% used [0x00000000ed500000,0x00000000f000c778,0x00000000f0700000)
  to   space 57344K, 0% used [0x00000000f4b00000,0x00000000f4b00000,0x00000000f8300000)
 ParOldGen       total 260608K, used 120449K [0x00000000a0000000, 0x00000000afe80000, 0x00000000e0000000)
  object space 260608K, 46% used [0x00000000a0000000,0x00000000a75a07c8,0x00000000afe80000)
 Metaspace       used 74627K, capacity 78090K, committed 78168K, reserved 1118208K
  class space    used 9582K, capacity 10328K, committed 10328K, reserved 1048576K
Event: 5663.500 GC heap after
Heap after GC invocations=28 (full 4):
 PSYoungGen      total 332800K, used 46522K [0x00000000e0000000, 0x00000000f9380000, 0x0000000100000000)
  eden space 275456K, 0% used [0x00000000e0000000,0x00000000e0000000,0x00000000f0d00000)
  from space 57344K, 81% used [0x00000000f4b00000,0x00000000f786e8c8,0x00000000f8300000)
  to   space 63488K, 0% used [0x00000000f0d00000,0x00000000f0d00000,0x00000000f4b00000)
 ParOldGen       total 260608K, used 120961K [0x00000000a0000000, 0x00000000afe80000, 0x00000000e0000000)
  object space 260608K, 46% used [0x00000000a0000000,0x00000000a76207c8,0x00000000afe80000)
 Metaspace       used 74627K, capacity 78090K, committed 78168K, reserved 1118208K
  class space    used 9582K, capacity 10328K, committed 10328K, reserved 1048576K
}
Event: 13266.043 GC heap before
{Heap before GC invocations=29 (full 4):
 PSYoungGen      total 332800K, used 320348K [0x00000000e0000000, 0x00000000f9380000, 0x0000000100000000)
  eden space 275456K, 99% used [0x00000000e0000000,0x00000000f0b68a88,0x00000000f0d00000)
  from space 57344K, 81% used [0x00000000f4b00000,0x00000000f786e8c8,0x00000000f8300000)
  to   space 63488K, 0% used [0x00000000f0d00000,0x00000000f0d00000,0x00000000f4b00000)
 ParOldGen       total 260608K, used 120961K [0x00000000a0000000, 0x00000000afe80000, 0x00000000e0000000)
  object space 260608K, 46% used [0x00000000a0000000,0x00000000a76207c8,0x00000000afe80000)
 Metaspace       used 75070K, capacity 78696K, committed 78808K, reserved 1118208K
  class space    used 9615K, capacity 10385K, committed 10456K, reserved 1048576K
Event: 13269.278 GC heap after
Heap after GC invocations=29 (full 4):
 PSYoungGen      total 338944K, used 36783K [0x00000000e0000000, 0x00000000fc580000, 0x0000000100000000)
  eden space 275456K, 0% used [0x00000000e0000000,0x00000000e0000000,0x00000000f0d00000)
  from space 63488K, 57% used [0x00000000f0d00000,0x00000000f30ebc78,0x00000000f4b00000)
  to   space 64512K, 0% used [0x00000000f8680000,0x00000000f8680000,0x00000000fc580000)
 ParOldGen       total 260608K, used 120993K [0x00000000a0000000, 0x00000000afe80000, 0x00000000e0000000)
  object space 260608K, 46% used [0x00000000a0000000,0x00000000a76287c8,0x00000000afe80000)
 Metaspace       used 75070K, capacity 78696K, committed 78808K, reserved 1118208K
  class space    used 9615K, capacity 10385K, committed 10456K, reserved 1048576K
}
Event: 13277.181 GC heap before
{Heap before GC invocations=30 (full 4):
 PSYoungGen      total 338944K, used 295696K [0x00000000e0000000, 0x00000000fc580000, 0x0000000100000000)
  eden space 275456K, 93% used [0x00000000e0000000,0x00000000efcd8448,0x00000000f0d00000)
  from space 63488K, 57% used [0x00000000f0d00000,0x00000000f30ebc78,0x00000000f4b00000)
  to   space 64512K, 0% used [0x00000000f8680000,0x00000000f8680000,0x00000000fc580000)
 ParOldGen       total 260608K, used 120993K [0x00000000a0000000, 0x00000000afe80000, 0x00000000e0000000)
  object space 260608K, 46% used [0x00000000a0000000,0x00000000a76287c8,0x00000000afe80000)
 Metaspace       used 75070K, capacity 78696K, committed 78808K, reserved 1118208K
  class space    used 9615K, capacity 10385K, committed 10456K, reserved 1048576K
Event: 13277.289 GC heap after
Heap after GC invocations=30 (full 4):
 PSYoungGen      total 395776K, used 46250K [0x00000000e0000000, 0x00000000fcb80000, 0x0000000100000000)
  eden space 331264K, 0% used [0x00000000e0000000,0x00000000e0000000,0x00000000f4380000)
  from space 64512K, 71% used [0x00000000f8680000,0x00000000fb3aaae8,0x00000000fc580000)
  to   space 68608K, 0% used [0x00000000f4380000,0x00000000f4380000,0x00000000f8680000)
 ParOldGen       total 260608K, used 121161K [0x00000000a0000000, 0x00000000afe80000, 0x00000000e0000000)
  object space 260608K, 46% used [0x00000000a0000000,0x00000000a76527c8,0x00000000afe80000)
 Metaspace       used 75070K, capacity 78696K, committed 78808K, reserved 1118208K
  class space    used 9615K, capacity 10385K, committed 10456K, reserved 1048576K
}
Event: 13987.713 GC heap before
{Heap before GC invocations=31 (full 4):
 PSYoungGen      total 395776K, used 372123K [0x00000000e0000000, 0x00000000fcb80000, 0x0000000100000000)
  eden space 331264K, 98% used [0x00000000e0000000,0x00000000f3e3c4c8,0x00000000f4380000)
  from space 64512K, 71% used [0x00000000f8680000,0x00000000fb3aaae8,0x00000000fc580000)
  to   space 68608K, 0% used [0x00000000f4380000,0x00000000f4380000,0x00000000f8680000)
 ParOldGen       total 260608K, used 121161K [0x00000000a0000000, 0x00000000afe80000, 0x00000000e0000000)
  object space 260608K, 46% used [0x00000000a0000000,0x00000000a76527c8,0x00000000afe80000)
 Metaspace       used 75762K, capacity 79992K, committed 80216K, reserved 1118208K
  class space    used 9699K, capacity 10551K, committed 10584K, reserved 1048576K
Event: 13989.664 GC heap after
Heap after GC invocations=31 (full 4):
 PSYoungGen      total 399872K, used 47152K [0x00000000e0000000, 0x0000000100000000, 0x0000000100000000)
  eden space 331264K, 0% used [0x00000000e0000000,0x00000000e0000000,0x00000000f4380000)
  from space 68608K, 68% used [0x00000000f4380000,0x00000000f718c1c8,0x00000000f8680000)
  to   space 71680K, 0% used [0x00000000fba00000,0x00000000fba00000,0x0000000100000000)
 ParOldGen       total 260608K, used 121297K [0x00000000a0000000, 0x00000000afe80000, 0x00000000e0000000)
  object space 260608K, 46% used [0x00000000a0000000,0x00000000a76747c8,0x00000000afe80000)
 Metaspace       used 75762K, capacity 79992K, committed 80216K, reserved 1118208K
  class space    used 9699K, capacity 10551K, committed 10584K, reserved 1048576K
}
Event: 15889.169 GC heap before
{Heap before GC invocations=32 (full 4):
 PSYoungGen      total 399872K, used 378416K [0x00000000e0000000, 0x0000000100000000, 0x0000000100000000)
  eden space 331264K, 100% used [0x00000000e0000000,0x00000000f4380000,0x00000000f4380000)
  from space 68608K, 68% used [0x00000000f4380000,0x00000000f718c1c8,0x00000000f8680000)
  to   space 71680K, 0% used [0x00000000fba00000,0x00000000fba00000,0x0000000100000000)
 ParOldGen       total 260608K, used 121297K [0x00000000a0000000, 0x00000000afe80000, 0x00000000e0000000)
  object space 260608K, 46% used [0x00000000a0000000,0x00000000a76747c8,0x00000000afe80000)
 Metaspace       used 75927K, capacity 80148K, committed 80216K, reserved 1118208K
  class space    used 9703K, capacity 10555K, committed 10584K, reserved 1048576K
Event: 15889.658 GC heap after
Heap after GC invocations=32 (full 4):
 PSYoungGen      total 451584K, used 1056K [0x00000000e0000000, 0x0000000100000000, 0x0000000100000000)
  eden space 379904K, 0% used [0x00000000e0000000,0x00000000e0000000,0x00000000f7300000)
  from space 71680K, 1% used [0x00000000fba00000,0x00000000fbb08000,0x0000000100000000)
  to   space 72192K, 0% used [0x00000000f7300000,0x00000000f7300000,0x00000000fb980000)
 ParOldGen       total 260608K, used 121665K [0x00000000a0000000, 0x00000000afe80000, 0x00000000e0000000)
  object space 260608K, 46% used [0x00000000a0000000,0x00000000a76d07d8,0x00000000afe80000)
 Metaspace       used 75927K, capacity 80148K, committed 80216K, reserved 1118208K
  class space    used 9703K, capacity 10555K, committed 10584K, reserved 1048576K
}

